# JRE version: Java(TM) SE Runtime Environment (8.0_161-b12) (build 1.8.0_161-b12)
# Java VM: Java HotSpot(TM) 64-Bit Server VM (25.161-b12 mixed mode windows-amd64 compressed oops)
Heap:
 PSYoungGen      total 688640K, used 282623K [0x000000076b000000, 0x00000007b1d00000, 0x00000007c0000000)
  eden space 282624K, 99% used [0x000000076b000000,0x000000077c3ffff8,0x000000077c400000)
  from space 406016K, 0% used [0x0000000799080000,0x0000000799080000,0x00000007b1d00000)
  to   space 438784K, 0% used [0x000000077c400000,0x000000077c400000,0x0000000797080000)
 ParOldGen       total 2785280K, used 2784948K [0x00000006c1000000, 0x000000076b000000, 0x000000076b000000)
  object space 2785280K, 99% used [0x00000006c1000000,0x000000076afad378,0x000000076b000000)
 Metaspace       used 3839K, capacity 4728K, committed 4864K, reserved 1056768K
  class space    used 423K, capacity 466K, committed 512K, reserved 1048576K
GC Heap History (10 events):
Event: 109.591 GC heap after
Heap after GC invocations=73 (full 53):
 PSYoungGen      total 688640K, used 282623K [0x000000076b000000, 0x00000007b1d00000, 0x00000007c0000000)
  eden space 282624K, 99% used [0x000000076b000000,0x000000077c3ffff8,0x000000077c400000)
  from space 406016K, 0% used [0x0000000799080000,0x0000000799080000,0x00000007b1d00000)
  to   space 438784K, 0% used [0x000000077c400000,0x000000077c400000,0x0000000797080000)
 ParOldGen       total 2785280K, used 2784936K [0x00000006c1000000, 0x000000076b000000, 0x000000076b000000)
  object space 2785280K, 99% used [0x00000006c1000000,0x000000076afaa2d8,0x000000076b000000)
 Metaspace       used 3839K, capacity 4728K, committed 4864K, reserved 1056768K
  class space    used 423K, capacity 466K, committed 512K, reserved 1048576K
}
Event: 109.591 GC heap before
{Heap before GC invocations=74 (full 54):
 PSYoungGen      total 688640K, used 282623K [0x000000076b000000, 0x00000007b1d00000, 0x00000007c0000000)
  eden space 282624K, 99% used [0x000000076b000000,0x000000077c3ffff8,0x000000077c400000)
  from space 406016K, 0% used [0x0000000799080000,0x0000000799080000,0x00000007b1d00000)
  to   space 438784K, 0% used [0x000000077c400000,0x000000077c400000,0x0000000797080000)
 ParOldGen       total 2785280K, used 2784939K [0x00000006c1000000, 0x000000076b000000, 0x000000076b000000)
  object space 2785280K, 99% used [0x00000006c1000000,0x000000076afaace8,0x000000076b000000)
 Metaspace       used 3839K, capacity 4728K, committed 4864K, reserved 1056768K
  class space    used 423K, capacity 466K, committed 512K, reserved 1048576K
Event: 111.175 GC heap after
Heap after GC invocations=74 (full 54):
 PSYoungGen      total 688640K, used 282623K [0x000000076b000000, 0x00000007b1d00000, 0x00000007c0000000)
  eden space 282624K, 99% used [0x000000076b000000,0x000000077c3ffff8,0x000000077c400000)
  from space 406016K, 0% used [0x0000000799080000,0x0000000799080000,0x00000007b1d00000)
  to   space 438784K, 0% used [0x000000077c400000,0x000000077c400000,0x0000000797080000)
 ParOldGen       total 2785280K, used 2784939K [0x00000006c1000000, 0x000000076b000000, 0x000000076b000000)
  object space 2785280K, 99% used [0x00000006c1000000,0x000000076afaac98,0x000000076b000000)
 Metaspace       used 3839K, capacity 4728K, committed 4864K, reserved 1056768K
  class space    used 423K, capacity 466K, committed 512K, reserved 1048576K
}
Event: 111.175 GC heap before
{Heap before GC invocations=75 (full 55):
 PSYoungGen      total 688640K, used 282623K [0x000000076b000000, 0x00000007b1d00000, 0x00000007c0000000)
  eden space 282624K, 99% used [0x000000076b000000,0x000000077c3ffff8,0x000000077c400000)
  from space 406016K, 0% used [0x0000000799080000,0x0000000799080000,0x00000007b1d00000)
  to   space 438784K, 0% used [0x000000077c400000,0x000000077c400000,0x0000000797080000)
 ParOldGen       total 2785280K, used 2784941K [0x00000006c1000000, 0x000000076b000000, 0x000000076b000000)
  object space 2785280K, 99% used [0x00000006c1000000,0x000000076afab6b0,0x000000076b000000)
 Metaspace       used 3839K, capacity 4728K, committed 4864K, reserved 1056768K
  class space    used 423K, capacity 466K, committed 512K, reserved 1048576K
Event: 112.710 GC heap after
Heap after GC invocations=75 (full 55):
 PSYoungGen      total 688640K, used 282623K [0x000000076b000000, 0x00000007b1d00000, 0x00000007c0000000)
  eden space 282624K, 99% used [0x000000076b000000,0x000000077c3ffff8,0x000000077c400000)
  from space 406016K, 0% used [0x0000000799080000,0x0000000799080000,0x00000007b1d00000)
  to   space 438784K, 0% used [0x000000077c400000,0x000000077c400000,0x0000000797080000)
 ParOldGen       total 2785280K, used 2784941K [0x00000006c1000000, 0x000000076b000000, 0x000000076b000000)
  object space 2785280K, 99% used [0x00000006c1000000,0x000000076afab610,0x000000076b000000)
 Metaspace       used 3839K, capacity 4728K, committed 4864K, reserved 1056768K
  class space    used 423K, capacity 466K, committed 512K, reserved 1048576K
}
Event: 112.710 GC heap before
{Heap before GC invocations=76 (full 56):
 PSYoungGen      total 688640K, used 282623K [0x000000076b000000, 0x00000007b1d00000, 0x00000007c0000000)
  eden space 282624K, 99% used [0x000000076b000000,0x000000077c3ffff8,0x000000077c400000)
  from space 406016K, 0% used [0x0000000799080000,0x0000000799080000,0x00000007b1d00000)
  to   space 438784K, 0% used [0x000000077c400000,0x000000077c400000,0x0000000797080000)
 ParOldGen       total 2785280K, used 2784944K [0x00000006c1000000, 0x000000076b000000, 0x000000076b000000)
  object space 2785280K, 99% used [0x00000006c1000000,0x000000076afac100,0x000000076b000000)
 Metaspace       used 3839K, capacity 4728K, committed 4864K, reserved 1056768K
  class space    used 423K, capacity 466K, committed 512K, reserved 1048576K
Event: 114.207 GC heap after
Heap after GC invocations=76 (full 56):
 PSYoungGen      total 688640K, used 282623K [0x000000076b000000, 0x00000007b1d00000, 0x00000007c0000000)
  eden space 282624K, 99% used [0x000000076b000000,0x000000077c3ffff8,0x000000077c400000)
  from space 406016K, 0% used [0x0000000799080000,0x0000000799080000,0x00000007b1d00000)
  to   space 438784K, 0% used [0x000000077c400000,0x000000077c400000,0x0000000797080000)
 ParOldGen       total 2785280K, used 2784944K [0x00000006c1000000, 0x000000076b000000, 0x000000076b000000)
  object space 2785280K, 99% used [0x00000006c1000000,0x000000076afac0b0,0x000000076b000000)
 Metaspace       used 3839K, capacity 4728K, committed 4864K, reserved 1056768K
  class space    used 423K, capacity 466K, committed 512K, reserved 1048576K
}
Event: 114.207 GC heap before
{Heap before GC invocations=77 (full 57):
 PSYoungGen      total 688640K, used 282623K [0x000000076b000000, 0x00000007b1d00000, 0x00000007c0000000)
  eden space 282624K, 99% used [0x000000076b000000,0x000000077c3ffff8,0x000000077c400000)
  from space 406016K, 0% used [0x0000000799080000,0x0000000799080000,0x00000007b1d00000)
  to   space 438784K, 0% used [0x000000077c400000,0x000000077c400000,0x0000000797080000)
 ParOldGen       total 2785280K, used 2784946K [0x00000006c1000000, 0x000000076b000000, 0x000000076b000000)
  object space 2785280K, 99% used [0x00000006c1000000,0x000000076afacba0,0x000000076b000000)
 Metaspace       used 3839K, capacity 4728K, committed 4864K, reserved 1056768K
  class space    used 423K, capacity 466K, committed 512K, reserved 1048576K
Event: 115.695 GC heap after
Heap after GC invocations=77 (full 57):
 PSYoungGen      total 688640K, used 282623K [0x000000076b000000, 0x00000007b1d00000, 0x00000007c0000000)
  eden space 282624K, 99% used [0x000000076b000000,0x000000077c3ffff8,0x000000077c400000)
  from space 406016K, 0% used [0x0000000799080000,0x0000000799080000,0x00000007b1d00000)
  to   space 438784K, 0% used [0x000000077c400000,0x000000077c400000,0x0000000797080000)
 ParOldGen       total 2785280K, used 2784946K [0x00000006c1000000, 0x000000076b000000, 0x000000076b000000)
  object space 2785280K, 99% used [0x00000006c1000000,0x000000076afacb50,0x000000076b000000)
 Metaspace       used 3839K, capacity 4728K, committed 4864K, reserved 1056768K
  class space    used 423K, capacity 466K, committed 512K, reserved 1048576K
}
Event: 115.695 GC heap before
{Heap before GC invocations=78 (full 58):
 PSYoungGen      total 688640K, used 282623K [0x000000076b000000, 0x00000007b1d00000, 0x00000007c0000000)
  eden space 282624K, 99% used [0x000000076b000000,0x000000077c3ffff8,0x000000077c400000)
  from space 406016K, 0% used [0x0000000799080000,0x0000000799080000,0x00000007b1d00000)
  to   space 438784K, 0% used [0x000000077c400000,0x000000077c400000,0x0000000797080000)
 ParOldGen       total 2785280K, used 2784948K [0x00000006c1000000, 0x000000076b000000, 0x000000076b000000)
  object space 2785280K, 99% used [0x00000006c1000000,0x000000076afad378,0x000000076b000000)
 Metaspace       used 3839K, capacity 4728K, committed 4864K, reserved 1056768K
  class space    used 423K, capacity 466K, committed 512K, reserved 1048576K

